<?xml version="1.0" encoding="UTF-8"?>
<testsuites platformName="linux" platformVersion="*" platformResolution="1600x1200" browser="chrome" browserVersion="*" deviceName="*" ui5_theme="belize" ui5_direction="ltr" ui5_mode="cozy">
  <testsuite name="test" timestamp="Wed Oct 30 2019 21:27:21 GMT+0000 (UTC)" hostname="localhost" errors="1" tests="2" pending="0" disabled="0" failures="3" time="22.558">
    <testcase classname="test" name="Authentication" time="1.768"/>
    <testcase classname="test" name="Start FLP" time="22.548">
      <failure matcher="" failureType="" message="Failed: Waiting for redirection to complete, target url: https://flpportal-p2000988657trial.dispatcher.hanatrial.ondemand.com/sites?siteId=5e2b911e-07f9-4d81-97c6-796d89bc1ea9&amp;sap-language=EN&#xA;Wait timed out after 19906ms undefined" stack="TimeoutError: Waiting for redirection to complete, target url: https://flpportal-p2000988657trial.dispatcher.hanatrial.ondemand.com/sites?siteId=5e2b911e-07f9-4d81-97c6-796d89bc1ea9&amp;sap-language=EN&#xA;Wait timed out after 19906ms&#xA;    at /usr/lib/node_modules/@ui5/uiveri5/node_modules/selenium-webdriver/lib/promise.js:2201:17&#xA;    at ManagedPromise.invokeCallback_ (/usr/lib/node_modules/@ui5/uiveri5/node_modules/selenium-webdriver/lib/promise.js:1376:14)&#xA;    at TaskQueue.execute_ (/usr/lib/node_modules/@ui5/uiveri5/node_modules/selenium-webdriver/lib/promise.js:3084:14)&#xA;    at TaskQueue.executeNext_ (/usr/lib/node_modules/@ui5/uiveri5/node_modules/selenium-webdriver/lib/promise.js:3067:27)&#xA;    at asyncRun (/usr/lib/node_modules/@ui5/uiveri5/node_modules/selenium-webdriver/lib/promise.js:2927:27)&#xA;    at /usr/lib/node_modules/@ui5/uiveri5/node_modules/selenium-webdriver/lib/promise.js:668:7&#xA;    at &lt;anonymous>&#xA;    at process._tickCallback (internal/process/next_tick.js:189:7)&#xA;From: Task: Waiting for redirection to complete, target url: https://flpportal-p2000988657trial.dispatcher.hanatrial.ondemand.com/sites?siteId=5e2b911e-07f9-4d81-97c6-796d89bc1ea9&amp;sap-language=EN&#xA;    at scheduleWait (/usr/lib/node_modules/@ui5/uiveri5/node_modules/selenium-webdriver/lib/promise.js:2188:20)&#xA;    at ControlFlow.wait (/usr/lib/node_modules/@ui5/uiveri5/node_modules/selenium-webdriver/lib/promise.js:2517:12)&#xA;    at WebDriver.wait (/usr/lib/node_modules/@ui5/uiveri5/node_modules/selenium-webdriver/lib/webdriver.js:934:29)&#xA;    at Object.waitForRedirect (/usr/lib/node_modules/@ui5/uiveri5/src/uiveri5.js:536:33)&#xA;    at FormAuthenticator.get (/usr/lib/node_modules/@ui5/uiveri5/src/authenticator/formAuthenticator.js:95:40)&#xA;    at Object.to (/usr/lib/node_modules/@ui5/uiveri5/src/uiveri5.js:496:25)&#xA;    at /usr/lib/node_modules/@ui5/uiveri5/src/uiveri5.js:398:43&#xA;    at TaskQueue.execute_ (/usr/lib/node_modules/@ui5/uiveri5/node_modules/selenium-webdriver/lib/promise.js:3084:14)&#xA;    at TaskQueue.executeNext_ (/usr/lib/node_modules/@ui5/uiveri5/node_modules/selenium-webdriver/lib/promise.js:3067:27)&#xA;    at asyncRun (/usr/lib/node_modules/@ui5/uiveri5/node_modules/selenium-webdriver/lib/promise.js:2927:27)&#xA;From: Task: &lt;anonymous>&#xA;    at Object.suiteStarted (/usr/lib/node_modules/@ui5/uiveri5/src/uiveri5.js:364:33)&#xA;    at dispatch (/usr/lib/node_modules/@ui5/uiveri5/node_modules/jasmine-core/lib/jasmine-core/jasmine.js:4366:28)&#xA;    at ReportDispatcher.suiteStarted (/usr/lib/node_modules/@ui5/uiveri5/node_modules/jasmine-core/lib/jasmine-core/jasmine.js:4337:11)&#xA;    at nodeStart (/usr/lib/node_modules/@ui5/uiveri5/node_modules/jasmine-core/lib/jasmine-core/jasmine.js:947:20)&#xA;    at UserContext.fn (/usr/lib/node_modules/@ui5/uiveri5/node_modules/jasmine-core/lib/jasmine-core/jasmine.js:5323:13)&#xA;    at attempt (/usr/lib/node_modules/@ui5/uiveri5/node_modules/jasmine-core/lib/jasmine-core/jasmine.js:4297:26)&#xA;    at QueueRunner.run (/usr/lib/node_modules/@ui5/uiveri5/node_modules/jasmine-core/lib/jasmine-core/jasmine.js:4217:20)&#xA;    at QueueRunner.execute (/usr/lib/node_modules/@ui5/uiveri5/node_modules/jasmine-core/lib/jasmine-core/jasmine.js:4199:10)&#xA;    at queueRunnerFactory (/usr/lib/node_modules/@ui5/uiveri5/node_modules/jasmine-core/lib/jasmine-core/jasmine.js:909:35)&#xA;    at TreeProcessor.execute (/usr/lib/node_modules/@ui5/uiveri5/node_modules/jasmine-core/lib/jasmine-core/jasmine.js:5187:7)"/>
      <failure matcher="toBeTruthy" failureType="" message="Expected false to be truthy. undefined" stack="Error: Failed expectation&#xA;    at UserContext.&lt;anonymous> (/test/test/test.spec.js:17:44)&#xA;    at /usr/lib/node_modules/@ui5/uiveri5/node_modules/jasminewd2/index.js:112:25&#xA;    at new ManagedPromise (/usr/lib/node_modules/@ui5/uiveri5/node_modules/selenium-webdriver/lib/promise.js:1077:7)&#xA;    at ControlFlow.promise (/usr/lib/node_modules/@ui5/uiveri5/node_modules/selenium-webdriver/lib/promise.js:2505:12)&#xA;    at schedulerExecute (/usr/lib/node_modules/@ui5/uiveri5/node_modules/jasminewd2/index.js:95:18)&#xA;    at TaskQueue.execute_ (/usr/lib/node_modules/@ui5/uiveri5/node_modules/selenium-webdriver/lib/promise.js:3084:14)&#xA;    at TaskQueue.executeNext_ (/usr/lib/node_modules/@ui5/uiveri5/node_modules/selenium-webdriver/lib/promise.js:3067:27)&#xA;    at asyncRun (/usr/lib/node_modules/@ui5/uiveri5/node_modules/selenium-webdriver/lib/promise.js:2974:25)&#xA;    at /usr/lib/node_modules/@ui5/uiveri5/node_modules/selenium-webdriver/lib/promise.js:668:7"/>
      <failure matcher="" failureType="" message="Failed: No element found using locator: By(css selector, *[id=&quot;meAreaHeaderButton&quot;]) undefined" stack="NoSuchElementError: No element found using locator: By(css selector, *[id=&quot;meAreaHeaderButton&quot;])&#xA;    at elementArrayFinder.getWebElements.then (/usr/lib/node_modules/@ui5/uiveri5/node_modules/protractor/built/element.js:814:27)&#xA;    at ManagedPromise.invokeCallback_ (/usr/lib/node_modules/@ui5/uiveri5/node_modules/selenium-webdriver/lib/promise.js:1376:14)&#xA;    at TaskQueue.execute_ (/usr/lib/node_modules/@ui5/uiveri5/node_modules/selenium-webdriver/lib/promise.js:3084:14)&#xA;    at TaskQueue.executeNext_ (/usr/lib/node_modules/@ui5/uiveri5/node_modules/selenium-webdriver/lib/promise.js:3067:27)&#xA;    at asyncRun (/usr/lib/node_modules/@ui5/uiveri5/node_modules/selenium-webdriver/lib/promise.js:2927:27)&#xA;    at /usr/lib/node_modules/@ui5/uiveri5/node_modules/selenium-webdriver/lib/promise.js:668:7&#xA;    at &lt;anonymous>&#xA;    at process._tickCallback (internal/process/next_tick.js:189:7)Error&#xA;    at ElementArrayFinder.applyAction_ (/usr/lib/node_modules/@ui5/uiveri5/node_modules/protractor/built/element.js:459:27)&#xA;    at ElementArrayFinder.(anonymous function).args [as click] (/usr/lib/node_modules/@ui5/uiveri5/node_modules/protractor/built/element.js:91:29)&#xA;    at ElementFinder.(anonymous function).args [as click] (/usr/lib/node_modules/@ui5/uiveri5/node_modules/protractor/built/element.js:831:22)&#xA;    at UserContext.&lt;anonymous> (/test/test/test.spec.js:18:24)&#xA;    at /usr/lib/node_modules/@ui5/uiveri5/node_modules/jasminewd2/index.js:112:25&#xA;    at new ManagedPromise (/usr/lib/node_modules/@ui5/uiveri5/node_modules/selenium-webdriver/lib/promise.js:1077:7)&#xA;    at ControlFlow.promise (/usr/lib/node_modules/@ui5/uiveri5/node_modules/selenium-webdriver/lib/promise.js:2505:12)&#xA;    at schedulerExecute (/usr/lib/node_modules/@ui5/uiveri5/node_modules/jasminewd2/index.js:95:18)&#xA;    at TaskQueue.execute_ (/usr/lib/node_modules/@ui5/uiveri5/node_modules/selenium-webdriver/lib/promise.js:3084:14)&#xA;    at TaskQueue.executeNext_ (/usr/lib/node_modules/@ui5/uiveri5/node_modules/selenium-webdriver/lib/promise.js:3067:27)&#xA;From: Task: Run it(&quot;Start FLP&quot;) in control flow&#xA;    at UserContext.&lt;anonymous> (/usr/lib/node_modules/@ui5/uiveri5/node_modules/jasminewd2/index.js:94:19)&#xA;    at attempt (/usr/lib/node_modules/@ui5/uiveri5/node_modules/jasmine-core/lib/jasmine-core/jasmine.js:4297:26)&#xA;    at QueueRunner.run (/usr/lib/node_modules/@ui5/uiveri5/node_modules/jasmine-core/lib/jasmine-core/jasmine.js:4217:20)&#xA;    at runNext (/usr/lib/node_modules/@ui5/uiveri5/node_modules/jasmine-core/lib/jasmine-core/jasmine.js:4257:20)&#xA;    at /usr/lib/node_modules/@ui5/uiveri5/node_modules/jasmine-core/lib/jasmine-core/jasmine.js:4264:13&#xA;    at /usr/lib/node_modules/@ui5/uiveri5/node_modules/jasmine-core/lib/jasmine-core/jasmine.js:4172:9&#xA;    at /usr/lib/node_modules/@ui5/uiveri5/node_modules/jasminewd2/index.js:64:48&#xA;    at ControlFlow.emit (/usr/lib/node_modules/@ui5/uiveri5/node_modules/selenium-webdriver/lib/events.js:62:21)&#xA;    at ControlFlow.shutdown_ (/usr/lib/node_modules/@ui5/uiveri5/node_modules/selenium-webdriver/lib/promise.js:2674:10)&#xA;    at shutdownTask_.MicroTask (/usr/lib/node_modules/@ui5/uiveri5/node_modules/selenium-webdriver/lib/promise.js:2599:53)&#xA;From asynchronous test: &#xA;Error&#xA;    at Suite.&lt;anonymous> (/test/test/test.spec.js:15:3)&#xA;    at addSpecsToSuite (/usr/lib/node_modules/@ui5/uiveri5/node_modules/jasmine-core/lib/jasmine-core/jasmine.js:1107:25)&#xA;    at Env.describe (/usr/lib/node_modules/@ui5/uiveri5/node_modules/jasmine-core/lib/jasmine-core/jasmine.js:1074:7)&#xA;    at describe (/usr/lib/node_modules/@ui5/uiveri5/node_modules/jasmine-core/lib/jasmine-core/jasmine.js:4399:18)&#xA;    at Object.&lt;anonymous> (/test/test/test.spec.js:13:1)&#xA;    at Module._compile (module.js:653:30)&#xA;    at Object.Module._extensions..js (module.js:664:10)&#xA;    at Module.load (module.js:566:32)&#xA;    at tryModuleLoad (module.js:506:12)"/>
    </testcase>
  </testsuite>
</testsuites>